<?xml version="1.0" encoding="UTF-8"?>
<!-- Generated by org.testng.reporters.JUnitXMLReporter -->
<testsuite hostname="Nagababu" ignored="0" name="RegressionTest" tests="4" failures="0" timestamp="2020-11-02T15:47:04 IST" time="0.457" errors="0">
  <testcase name="@BeforeMethod beforeMethod" time="0.227" classname="com.loginpage.RadioButton1">
    <failure type="java.lang.NullPointerException">
      <![CDATA[java.lang.NullPointerException
at com.impTest.BaseTest.launch(BaseTest.java:92)
at com.loginpage.RadioButton1.beforeMethod(RadioButton1.java:29)
at java.util.ArrayList.forEach(ArrayList.java:1257)
... Removed 31 stack frames]]>
    </failure>
  </testcase> <!-- @BeforeMethod beforeMethod -->
  <testcase name="@AfterMethod afterMethod" time="-1.604312224545E9" classname="com.loginpage.RadioButton1">
    <skipped/>
  </testcase> <!-- @AfterMethod afterMethod -->
  <testcase name="@BeforeMethod setup" time="0.004" classname="com.loginpage.LinksTesting1">
    <failure type="java.lang.NullPointerException">
      <![CDATA[java.lang.NullPointerException
at com.impTest.BaseTest.launch(BaseTest.java:92)
at com.loginpage.LinksTesting1.setup(LinksTesting1.java:27)
at java.util.ArrayList.forEach(ArrayList.java:1257)
... Removed 31 stack frames]]>
    </failure>
  </testcase> <!-- @BeforeMethod setup -->
  <testcase name="@AfterMethod tearDown" time="-1.60431222458E9" classname="com.loginpage.LinksTesting1">
    <skipped/>
  </testcase> <!-- @AfterMethod tearDown -->
  <testcase name="@BeforeMethod beforeMethod" time="0.007" classname="com.loginpage.Checkbox">
    <failure type="java.lang.NullPointerException">
      <![CDATA[java.lang.NullPointerException
at com.impTest.BaseTest.launch(BaseTest.java:92)
at com.loginpage.Checkbox.beforeMethod(Checkbox.java:28)
at java.util.ArrayList.forEach(ArrayList.java:1257)
... Removed 31 stack frames]]>
    </failure>
  </testcase> <!-- @BeforeMethod beforeMethod -->
  <testcase name="@AfterMethod afterMethod" time="-1.604312224629E9" classname="com.loginpage.Checkbox">
    <skipped/>
  </testcase> <!-- @AfterMethod afterMethod -->
  <testcase name="@BeforeMethod beforeMethod" time="0.016" classname="com.loginpage.TC_006">
    <failure type="java.lang.NullPointerException">
      <![CDATA[java.lang.NullPointerException
at com.impTest.BaseTest.launch(BaseTest.java:92)
at com.loginpage.TC_006.beforeMethod(TC_006.java:24)
at java.util.ArrayList.forEach(ArrayList.java:1257)
... Removed 31 stack frames]]>
    </failure>
  </testcase> <!-- @BeforeMethod beforeMethod -->
  <testcase name="@AfterMethod afterMethod" time="-1.604312224684E9" classname="com.loginpage.TC_006">
    <skipped/>
  </testcase> <!-- @AfterMethod afterMethod -->
  <testcase name="radioButtonTest" time="0.0" classname="com.loginpage.RadioButton1">
    <skipped/>
  </testcase> <!-- radioButtonTest -->
  <testcase name="linktesting1" time="0.0" classname="com.loginpage.LinksTesting1">
    <skipped/>
  </testcase> <!-- linktesting1 -->
  <testcase name="checkboxTest" time="0.0" classname="com.loginpage.Checkbox">
    <skipped/>
  </testcase> <!-- checkboxTest -->
  <testcase name="f" time="0.0" classname="com.loginpage.TC_006">
    <skipped/>
  </testcase> <!-- f -->
</testsuite> <!-- RegressionTest -->
