<?xml version="1.0" encoding="UTF-8"?>
<testng-results skipped="0" failed="0" ignored="0" total="1" passed="1">
  <reporter-output>
  </reporter-output>
  <suite name="Suite" duration-ms="57103" started-at="2020-11-28T20:04:59 IST" finished-at="2020-11-28T20:05:56 IST">
    <groups>
    </groups>
    <test name="Test" duration-ms="57103" started-at="2020-11-28T20:04:59 IST" finished-at="2020-11-28T20:05:56 IST">
      <class name="com.loginpage.FBlogin">
        <test-method status="PASS" signature="openweb()[pri:0, instance:com.loginpage.FBlogin@1e965684]" name="openweb" is-config="true" duration-ms="51851" started-at="2020-11-28T20:04:59 IST" finished-at="2020-11-28T20:05:51 IST">
          <reporter-output>
          </reporter-output>
        </test-method> <!-- openweb -->
        <test-method status="PASS" signature="userlogin()[pri:0, instance:com.loginpage.FBlogin@1e965684]" name="userlogin" duration-ms="3780" started-at="2020-11-28T20:05:51 IST" finished-at="2020-11-28T20:05:54 IST">
          <reporter-output>
          </reporter-output>
        </test-method> <!-- userlogin -->
        <test-method status="PASS" signature="close()[pri:0, instance:com.loginpage.FBlogin@1e965684]" name="close" is-config="true" duration-ms="1142" started-at="2020-11-28T20:05:55 IST" finished-at="2020-11-28T20:05:56 IST">
          <reporter-output>
          </reporter-output>
        </test-method> <!-- close -->
      </class> <!-- com.loginpage.FBlogin -->
    </test> <!-- Test -->
  </suite> <!-- Suite -->
</testng-results>
